{
  "stats": {
    "suites": 1,
    "tests": 12,
    "passes": 12,
    "pending": 0,
    "failures": 0,
    "start": "2021-11-11T19:17:55.297Z",
    "end": "2021-11-11T19:18:54.898Z",
    "duration": 59601,
    "testsRegistered": 12,
    "passPercent": 100,
    "pendingPercent": 0,
    "other": 0,
    "hasOther": false,
    "skipped": 0,
    "hasSkipped": false
  },
  "results": [
    {
      "uuid": "d44b1c9f-c413-4280-9552-0687b295f706",
      "title": "",
      "fullFile": "cypress/integration/ProfileTab.feature",
      "file": "cypress/integration/ProfileTab.feature",
      "beforeHooks": [],
      "afterHooks": [],
      "tests": [],
      "suites": [
        {
          "uuid": "477a816a-2a6b-4277-96e4-b373495b93ae",
          "title": "Profile page feature",
          "fullFile": "",
          "file": "",
          "beforeHooks": [],
          "afterHooks": [],
          "tests": [
            {
              "title": "User should be able to navigate profile page",
              "fullTitle": "Profile page feature User should be able to navigate profile page",
              "timedOut": null,
              "duration": 30465,
              "state": "passed",
              "speed": "slow",
              "pass": true,
              "fail": false,
              "pending": false,
              "context": null,
              "code": "const state = window.testState;\nreturn cy\n  .then(() => state.onStartScenario(scenario, indexedSteps))\n  .then(() =>\n    resolveAndRunBeforeHooks.call(this, scenario.tags, state.feature.name)\n  )\n  .then(() =>\n    indexedSteps.forEach((step) =>\n      stepTest.call(this, state, step, rowData)\n    )\n  )\n  .then(() => state.onFinishScenario(scenario));",
              "err": {},
              "uuid": "7d727a59-0c07-46c0-85ab-2591d6cede2d",
              "parentUUID": "477a816a-2a6b-4277-96e4-b373495b93ae",
              "isHook": false,
              "skipped": false
            },
            {
              "title": "Verify the user is able to view validation error if  the first name is null",
              "fullTitle": "Profile page feature Verify the user is able to view validation error if  the first name is null",
              "timedOut": null,
              "duration": 6495,
              "state": "passed",
              "speed": "slow",
              "pass": true,
              "fail": false,
              "pending": false,
              "context": null,
              "code": "const state = window.testState;\nreturn cy\n  .then(() => state.onStartScenario(scenario, indexedSteps))\n  .then(() =>\n    resolveAndRunBeforeHooks.call(this, scenario.tags, state.feature.name)\n  )\n  .then(() =>\n    indexedSteps.forEach((step) =>\n      stepTest.call(this, state, step, rowData)\n    )\n  )\n  .then(() => state.onFinishScenario(scenario));",
              "err": {},
              "uuid": "cf62fcae-fa0f-4eda-adcf-7cd7bfb2b137",
              "parentUUID": "477a816a-2a6b-4277-96e4-b373495b93ae",
              "isHook": false,
              "skipped": false
            },
            {
              "title": "Verify the user is able to view validation error if  the email address is null",
              "fullTitle": "Profile page feature Verify the user is able to view validation error if  the email address is null",
              "timedOut": null,
              "duration": 297,
              "state": "passed",
              "speed": "slow",
              "pass": true,
              "fail": false,
              "pending": false,
              "context": null,
              "code": "const state = window.testState;\nreturn cy\n  .then(() => state.onStartScenario(scenario, indexedSteps))\n  .then(() =>\n    resolveAndRunBeforeHooks.call(this, scenario.tags, state.feature.name)\n  )\n  .then(() =>\n    indexedSteps.forEach((step) =>\n      stepTest.call(this, state, step, rowData)\n    )\n  )\n  .then(() => state.onFinishScenario(scenario));",
              "err": {},
              "uuid": "291ee872-4a11-420e-8b9e-86150f0306a9",
              "parentUUID": "477a816a-2a6b-4277-96e4-b373495b93ae",
              "isHook": false,
              "skipped": false
            },
            {
              "title": "Verify the user is able to view validation error if  the address is null",
              "fullTitle": "Profile page feature Verify the user is able to view validation error if  the address is null",
              "timedOut": null,
              "duration": 8885,
              "state": "passed",
              "speed": "slow",
              "pass": true,
              "fail": false,
              "pending": false,
              "context": null,
              "code": "const state = window.testState;\nreturn cy\n  .then(() => state.onStartScenario(scenario, indexedSteps))\n  .then(() =>\n    resolveAndRunBeforeHooks.call(this, scenario.tags, state.feature.name)\n  )\n  .then(() =>\n    indexedSteps.forEach((step) =>\n      stepTest.call(this, state, step, rowData)\n    )\n  )\n  .then(() => state.onFinishScenario(scenario));",
              "err": {},
              "uuid": "e51a80c2-9be6-4018-8735-651c893ceee8",
              "parentUUID": "477a816a-2a6b-4277-96e4-b373495b93ae",
              "isHook": false,
              "skipped": false
            },
            {
              "title": "Verify the user is able to view Identity verification description and Button",
              "fullTitle": "Profile page feature Verify the user is able to view Identity verification description and Button",
              "timedOut": null,
              "duration": 147,
              "state": "passed",
              "speed": "slow",
              "pass": true,
              "fail": false,
              "pending": false,
              "context": null,
              "code": "const state = window.testState;\nreturn cy\n  .then(() => state.onStartScenario(scenario, indexedSteps))\n  .then(() =>\n    resolveAndRunBeforeHooks.call(this, scenario.tags, state.feature.name)\n  )\n  .then(() =>\n    indexedSteps.forEach((step) =>\n      stepTest.call(this, state, step, rowData)\n    )\n  )\n  .then(() => state.onFinishScenario(scenario));",
              "err": {},
              "uuid": "e0dacdc8-6113-4cff-8acf-46e56e843898",
              "parentUUID": "477a816a-2a6b-4277-96e4-b373495b93ae",
              "isHook": false,
              "skipped": false
            },
            {
              "title": "Verify the user is able to view account Header tabs",
              "fullTitle": "Profile page feature Verify the user is able to view account Header tabs",
              "timedOut": null,
              "duration": 401,
              "state": "passed",
              "speed": "slow",
              "pass": true,
              "fail": false,
              "pending": false,
              "context": null,
              "code": "const state = window.testState;\nreturn cy\n  .then(() => state.onStartScenario(scenario, indexedSteps))\n  .then(() =>\n    resolveAndRunBeforeHooks.call(this, scenario.tags, state.feature.name)\n  )\n  .then(() =>\n    indexedSteps.forEach((step) =>\n      stepTest.call(this, state, step, rowData)\n    )\n  )\n  .then(() => state.onFinishScenario(scenario));",
              "err": {},
              "uuid": "c90cd12f-4071-476a-a097-a46579769d47",
              "parentUUID": "477a816a-2a6b-4277-96e4-b373495b93ae",
              "isHook": false,
              "skipped": false
            },
            {
              "title": "Verify the user is able to list of countries for nationality",
              "fullTitle": "Profile page feature Verify the user is able to list of countries for nationality",
              "timedOut": null,
              "duration": 307,
              "state": "passed",
              "speed": "slow",
              "pass": true,
              "fail": false,
              "pending": false,
              "context": null,
              "code": "const state = window.testState;\nreturn cy\n  .then(() => state.onStartScenario(scenario, indexedSteps))\n  .then(() =>\n    resolveAndRunBeforeHooks.call(this, scenario.tags, state.feature.name)\n  )\n  .then(() =>\n    indexedSteps.forEach((step) =>\n      stepTest.call(this, state, step, rowData)\n    )\n  )\n  .then(() => state.onFinishScenario(scenario));",
              "err": {},
              "uuid": "8cc956f0-4caa-46b8-bf26-ad4414c02eb3",
              "parentUUID": "477a816a-2a6b-4277-96e4-b373495b93ae",
              "isHook": false,
              "skipped": false
            },
            {
              "title": "Verify the user is able to view profile progress ring",
              "fullTitle": "Profile page feature Verify the user is able to view profile progress ring",
              "timedOut": null,
              "duration": 4104,
              "state": "passed",
              "speed": "slow",
              "pass": true,
              "fail": false,
              "pending": false,
              "context": null,
              "code": "const state = window.testState;\nreturn cy\n  .then(() => state.onStartScenario(scenario, indexedSteps))\n  .then(() =>\n    resolveAndRunBeforeHooks.call(this, scenario.tags, state.feature.name)\n  )\n  .then(() =>\n    indexedSteps.forEach((step) =>\n      stepTest.call(this, state, step, rowData)\n    )\n  )\n  .then(() => state.onFinishScenario(scenario));",
              "err": {},
              "uuid": "3d40d2cd-60a1-476b-bd4d-7040bc1f399b",
              "parentUUID": "477a816a-2a6b-4277-96e4-b373495b93ae",
              "isHook": false,
              "skipped": false
            },
            {
              "title": "Verify the user is able to view profile page Header and Footer",
              "fullTitle": "Profile page feature Verify the user is able to view profile page Header and Footer",
              "timedOut": null,
              "duration": 69,
              "state": "passed",
              "speed": "medium",
              "pass": true,
              "fail": false,
              "pending": false,
              "context": null,
              "code": "const state = window.testState;\nreturn cy\n  .then(() => state.onStartScenario(scenario, indexedSteps))\n  .then(() =>\n    resolveAndRunBeforeHooks.call(this, scenario.tags, state.feature.name)\n  )\n  .then(() =>\n    indexedSteps.forEach((step) =>\n      stepTest.call(this, state, step, rowData)\n    )\n  )\n  .then(() => state.onFinishScenario(scenario));",
              "err": {},
              "uuid": "2a0ddcb5-e3c8-4bb6-888e-f8563765d4a9",
              "parentUUID": "477a816a-2a6b-4277-96e4-b373495b93ae",
              "isHook": false,
              "skipped": false
            },
            {
              "title": "Verify the user is able to view all fields  in the profile page",
              "fullTitle": "Profile page feature Verify the user is able to view all fields  in the profile page",
              "timedOut": null,
              "duration": 2171,
              "state": "passed",
              "speed": "slow",
              "pass": true,
              "fail": false,
              "pending": false,
              "context": null,
              "code": "const state = window.testState;\nreturn cy\n  .then(() => state.onStartScenario(scenario, indexedSteps))\n  .then(() =>\n    resolveAndRunBeforeHooks.call(this, scenario.tags, state.feature.name)\n  )\n  .then(() =>\n    indexedSteps.forEach((step) =>\n      stepTest.call(this, state, step, rowData)\n    )\n  )\n  .then(() => state.onFinishScenario(scenario));",
              "err": {},
              "uuid": "3d7b8a16-08b8-4d13-9ccc-29fc9de54a29",
              "parentUUID": "477a816a-2a6b-4277-96e4-b373495b93ae",
              "isHook": false,
              "skipped": false
            },
            {
              "title": "Verify address API implementation",
              "fullTitle": "Profile page feature Verify address API implementation",
              "timedOut": null,
              "duration": 5617,
              "state": "passed",
              "speed": "slow",
              "pass": true,
              "fail": false,
              "pending": false,
              "context": null,
              "code": "const state = window.testState;\nreturn cy\n  .then(() => state.onStartScenario(scenario, indexedSteps))\n  .then(() =>\n    resolveAndRunBeforeHooks.call(this, scenario.tags, state.feature.name)\n  )\n  .then(() =>\n    indexedSteps.forEach((step) =>\n      stepTest.call(this, state, step, rowData)\n    )\n  )\n  .then(() => state.onFinishScenario(scenario));",
              "err": {},
              "uuid": "3f550a2b-34a4-4e9f-805f-e58f7999ebf8",
              "parentUUID": "477a816a-2a6b-4277-96e4-b373495b93ae",
              "isHook": false,
              "skipped": false
            },
            {
              "title": "Verify select country in the address",
              "fullTitle": "Profile page feature Verify select country in the address",
              "timedOut": null,
              "duration": 409,
              "state": "passed",
              "speed": "slow",
              "pass": true,
              "fail": false,
              "pending": false,
              "context": null,
              "code": "const state = window.testState;\nreturn cy\n  .then(() => state.onStartScenario(scenario, indexedSteps))\n  .then(() =>\n    resolveAndRunBeforeHooks.call(this, scenario.tags, state.feature.name)\n  )\n  .then(() =>\n    indexedSteps.forEach((step) =>\n      stepTest.call(this, state, step, rowData)\n    )\n  )\n  .then(() => state.onFinishScenario(scenario));",
              "err": {},
              "uuid": "2658664d-8209-4fc6-aa00-8ef1013b229b",
              "parentUUID": "477a816a-2a6b-4277-96e4-b373495b93ae",
              "isHook": false,
              "skipped": false
            }
          ],
          "suites": [],
          "passes": [
            "7d727a59-0c07-46c0-85ab-2591d6cede2d",
            "cf62fcae-fa0f-4eda-adcf-7cd7bfb2b137",
            "291ee872-4a11-420e-8b9e-86150f0306a9",
            "e51a80c2-9be6-4018-8735-651c893ceee8",
            "e0dacdc8-6113-4cff-8acf-46e56e843898",
            "c90cd12f-4071-476a-a097-a46579769d47",
            "8cc956f0-4caa-46b8-bf26-ad4414c02eb3",
            "3d40d2cd-60a1-476b-bd4d-7040bc1f399b",
            "2a0ddcb5-e3c8-4bb6-888e-f8563765d4a9",
            "3d7b8a16-08b8-4d13-9ccc-29fc9de54a29",
            "3f550a2b-34a4-4e9f-805f-e58f7999ebf8",
            "2658664d-8209-4fc6-aa00-8ef1013b229b"
          ],
          "failures": [],
          "pending": [],
          "skipped": [],
          "duration": 59367,
          "root": false,
          "rootEmpty": false,
          "_timeout": 2000
        }
      ],
      "passes": [],
      "failures": [],
      "pending": [],
      "skipped": [],
      "duration": 0,
      "root": true,
      "rootEmpty": true,
      "_timeout": 2000
    }
  ],
  "meta": {
    "mocha": {
      "version": "7.0.1"
    },
    "mochawesome": {
      "options": {
        "quiet": false,
        "reportFilename": "mochawesome",
        "saveHtml": false,
        "saveJson": true,
        "consoleReporter": "spec",
        "useInlineDiffs": false,
        "code": true
      },
      "version": "6.2.2"
    },
    "marge": {
      "options": {
        "overwrite": false,
        "html": false,
        "json": true,
        "video": true,
        "viewportWidth": 1000,
        "viewportHeight": 860
      },
      "version": "5.2.0"
    }
  }
}