{
  "stats": {
    "suites": 1,
    "tests": 10,
    "passes": 9,
    "pending": 0,
    "failures": 1,
    "start": "2021-11-09T19:15:14.115Z",
    "end": "2021-11-09T19:16:18.329Z",
    "duration": 64214,
    "testsRegistered": 10,
    "passPercent": 90,
    "pendingPercent": 0,
    "other": 0,
    "hasOther": false,
    "skipped": 0,
    "hasSkipped": false
  },
  "results": [
    {
      "uuid": "2252d469-e64b-45d1-9c10-f7b5182cd4ec",
      "title": "",
      "fullFile": "cypress/integration/ProfileTab.feature",
      "file": "cypress/integration/ProfileTab.feature",
      "beforeHooks": [],
      "afterHooks": [],
      "tests": [],
      "suites": [
        {
          "uuid": "4edd7831-beff-4341-8ad9-3eaef1f9f376",
          "title": "Profile page feature",
          "fullFile": "",
          "file": "",
          "beforeHooks": [],
          "afterHooks": [],
          "tests": [
            {
              "title": "User should be able to navigate profile page",
              "fullTitle": "Profile page feature User should be able to navigate profile page",
              "timedOut": null,
              "duration": 40240,
              "state": "passed",
              "speed": "slow",
              "pass": true,
              "fail": false,
              "pending": false,
              "context": null,
              "code": "const state = window.testState;\nreturn cy\n  .then(() => state.onStartScenario(scenario, indexedSteps))\n  .then(() =>\n    resolveAndRunBeforeHooks.call(this, scenario.tags, state.feature.name)\n  )\n  .then(() =>\n    indexedSteps.forEach((step) =>\n      stepTest.call(this, state, step, rowData)\n    )\n  )\n  .then(() => state.onFinishScenario(scenario));",
              "err": {},
              "uuid": "fb267220-7bac-4817-bad8-aebd26842a1c",
              "parentUUID": "4edd7831-beff-4341-8ad9-3eaef1f9f376",
              "isHook": false,
              "skipped": false
            },
            {
              "title": "Verify the user is able to view validation error if  the first name is null",
              "fullTitle": "Profile page feature Verify the user is able to view validation error if  the first name is null",
              "timedOut": null,
              "duration": 2149,
              "state": "passed",
              "speed": "slow",
              "pass": true,
              "fail": false,
              "pending": false,
              "context": null,
              "code": "const state = window.testState;\nreturn cy\n  .then(() => state.onStartScenario(scenario, indexedSteps))\n  .then(() =>\n    resolveAndRunBeforeHooks.call(this, scenario.tags, state.feature.name)\n  )\n  .then(() =>\n    indexedSteps.forEach((step) =>\n      stepTest.call(this, state, step, rowData)\n    )\n  )\n  .then(() => state.onFinishScenario(scenario));",
              "err": {},
              "uuid": "7c2c9c77-a0ac-4fef-a6a4-54e72648a3d0",
              "parentUUID": "4edd7831-beff-4341-8ad9-3eaef1f9f376",
              "isHook": false,
              "skipped": false
            },
            {
              "title": "Verify the user is able to view validation error if  the email address is null",
              "fullTitle": "Profile page feature Verify the user is able to view validation error if  the email address is null",
              "timedOut": null,
              "duration": 693,
              "state": "passed",
              "speed": "slow",
              "pass": true,
              "fail": false,
              "pending": false,
              "context": null,
              "code": "const state = window.testState;\nreturn cy\n  .then(() => state.onStartScenario(scenario, indexedSteps))\n  .then(() =>\n    resolveAndRunBeforeHooks.call(this, scenario.tags, state.feature.name)\n  )\n  .then(() =>\n    indexedSteps.forEach((step) =>\n      stepTest.call(this, state, step, rowData)\n    )\n  )\n  .then(() => state.onFinishScenario(scenario));",
              "err": {},
              "uuid": "b5e03574-1454-4b69-9a22-faf96638be60",
              "parentUUID": "4edd7831-beff-4341-8ad9-3eaef1f9f376",
              "isHook": false,
              "skipped": false
            },
            {
              "title": "Verify the user is able to view validation error if  the address is null",
              "fullTitle": "Profile page feature Verify the user is able to view validation error if  the address is null",
              "timedOut": null,
              "duration": 1544,
              "state": "passed",
              "speed": "slow",
              "pass": true,
              "fail": false,
              "pending": false,
              "context": null,
              "code": "const state = window.testState;\nreturn cy\n  .then(() => state.onStartScenario(scenario, indexedSteps))\n  .then(() =>\n    resolveAndRunBeforeHooks.call(this, scenario.tags, state.feature.name)\n  )\n  .then(() =>\n    indexedSteps.forEach((step) =>\n      stepTest.call(this, state, step, rowData)\n    )\n  )\n  .then(() => state.onFinishScenario(scenario));",
              "err": {},
              "uuid": "e763e59d-4b85-4839-a3ce-4297abba8c0e",
              "parentUUID": "4edd7831-beff-4341-8ad9-3eaef1f9f376",
              "isHook": false,
              "skipped": false
            },
            {
              "title": "Verify the user is able to view Identity verification description and Button",
              "fullTitle": "Profile page feature Verify the user is able to view Identity verification description and Button",
              "timedOut": null,
              "duration": 548,
              "state": "passed",
              "speed": "slow",
              "pass": true,
              "fail": false,
              "pending": false,
              "context": null,
              "code": "const state = window.testState;\nreturn cy\n  .then(() => state.onStartScenario(scenario, indexedSteps))\n  .then(() =>\n    resolveAndRunBeforeHooks.call(this, scenario.tags, state.feature.name)\n  )\n  .then(() =>\n    indexedSteps.forEach((step) =>\n      stepTest.call(this, state, step, rowData)\n    )\n  )\n  .then(() => state.onFinishScenario(scenario));",
              "err": {},
              "uuid": "29c36f41-7420-45d3-a86b-58b66292ea6f",
              "parentUUID": "4edd7831-beff-4341-8ad9-3eaef1f9f376",
              "isHook": false,
              "skipped": false
            },
            {
              "title": "Verify the user is able to view account Header tabs",
              "fullTitle": "Profile page feature Verify the user is able to view account Header tabs",
              "timedOut": null,
              "duration": 1092,
              "state": "passed",
              "speed": "slow",
              "pass": true,
              "fail": false,
              "pending": false,
              "context": null,
              "code": "const state = window.testState;\nreturn cy\n  .then(() => state.onStartScenario(scenario, indexedSteps))\n  .then(() =>\n    resolveAndRunBeforeHooks.call(this, scenario.tags, state.feature.name)\n  )\n  .then(() =>\n    indexedSteps.forEach((step) =>\n      stepTest.call(this, state, step, rowData)\n    )\n  )\n  .then(() => state.onFinishScenario(scenario));",
              "err": {},
              "uuid": "f75afc03-7867-4c68-8705-0c89bbebfe79",
              "parentUUID": "4edd7831-beff-4341-8ad9-3eaef1f9f376",
              "isHook": false,
              "skipped": false
            },
            {
              "title": "Verify the user is able to list of countries for nationality",
              "fullTitle": "Profile page feature Verify the user is able to list of countries for nationality",
              "timedOut": null,
              "duration": 930,
              "state": "passed",
              "speed": "slow",
              "pass": true,
              "fail": false,
              "pending": false,
              "context": null,
              "code": "const state = window.testState;\nreturn cy\n  .then(() => state.onStartScenario(scenario, indexedSteps))\n  .then(() =>\n    resolveAndRunBeforeHooks.call(this, scenario.tags, state.feature.name)\n  )\n  .then(() =>\n    indexedSteps.forEach((step) =>\n      stepTest.call(this, state, step, rowData)\n    )\n  )\n  .then(() => state.onFinishScenario(scenario));",
              "err": {},
              "uuid": "8f1ee1c1-08b0-4a41-a4f4-49fa402f36ae",
              "parentUUID": "4edd7831-beff-4341-8ad9-3eaef1f9f376",
              "isHook": false,
              "skipped": false
            },
            {
              "title": "Verify the user is able to view profile progress ring",
              "fullTitle": "Profile page feature Verify the user is able to view profile progress ring",
              "timedOut": null,
              "duration": 331,
              "state": "passed",
              "speed": "slow",
              "pass": true,
              "fail": false,
              "pending": false,
              "context": null,
              "code": "const state = window.testState;\nreturn cy\n  .then(() => state.onStartScenario(scenario, indexedSteps))\n  .then(() =>\n    resolveAndRunBeforeHooks.call(this, scenario.tags, state.feature.name)\n  )\n  .then(() =>\n    indexedSteps.forEach((step) =>\n      stepTest.call(this, state, step, rowData)\n    )\n  )\n  .then(() => state.onFinishScenario(scenario));",
              "err": {},
              "uuid": "42935940-8816-4279-950d-712095dc661c",
              "parentUUID": "4edd7831-beff-4341-8ad9-3eaef1f9f376",
              "isHook": false,
              "skipped": false
            },
            {
              "title": "Verify the user is able to view profile page Header and Footer",
              "fullTitle": "Profile page feature Verify the user is able to view profile page Header and Footer",
              "timedOut": null,
              "duration": 119,
              "state": "passed",
              "speed": "slow",
              "pass": true,
              "fail": false,
              "pending": false,
              "context": null,
              "code": "const state = window.testState;\nreturn cy\n  .then(() => state.onStartScenario(scenario, indexedSteps))\n  .then(() =>\n    resolveAndRunBeforeHooks.call(this, scenario.tags, state.feature.name)\n  )\n  .then(() =>\n    indexedSteps.forEach((step) =>\n      stepTest.call(this, state, step, rowData)\n    )\n  )\n  .then(() => state.onFinishScenario(scenario));",
              "err": {},
              "uuid": "57de732c-efff-4a2e-842c-b88475c910b8",
              "parentUUID": "4edd7831-beff-4341-8ad9-3eaef1f9f376",
              "isHook": false,
              "skipped": false
            },
            {
              "title": "Verify the user is able to view validation error if  the phone number is null",
              "fullTitle": "Profile page feature Verify the user is able to view validation error if  the phone number is null",
              "timedOut": null,
              "duration": 15871,
              "state": "failed",
              "speed": null,
              "pass": false,
              "fail": true,
              "pending": false,
              "context": null,
              "code": "const state = window.testState;\nreturn cy\n  .then(() => state.onStartScenario(scenario, indexedSteps))\n  .then(() =>\n    resolveAndRunBeforeHooks.call(this, scenario.tags, state.feature.name)\n  )\n  .then(() =>\n    indexedSteps.forEach((step) =>\n      stepTest.call(this, state, step, rowData)\n    )\n  )\n  .then(() => state.onFinishScenario(scenario));",
              "err": {
                "message": "AssertionError: Timed out retrying after 4000ms: expected '<span.InputWrapper-error>' to have text 'Must be a valid phone number', but the text was ''",
                "estack": "AssertionError: Timed out retrying after 4000ms: expected '<span.InputWrapper-error>' to have text 'Must be a valid phone number', but the text was ''\n    at Context.eval (https://en-hiring.wunderflats.xyz/__cypress/tests?p=cypress\\integration\\ProfileTab.feature:114:46)\n    at Context.resolveAndRunStepDefinition (https://en-hiring.wunderflats.xyz/__cypress/tests?p=cypress\\integration\\ProfileTab.feature:11522:9)\n    at Context.eval (https://en-hiring.wunderflats.xyz/__cypress/tests?p=cypress\\integration\\ProfileTab.feature:10851:35)",
                "diff": "+ 'Must be a valid phone number'\n"
              },
              "uuid": "94b930de-106e-49eb-8723-4a39ced1f7e3",
              "parentUUID": "4edd7831-beff-4341-8ad9-3eaef1f9f376",
              "isHook": false,
              "skipped": false
            }
          ],
          "suites": [],
          "passes": [
            "fb267220-7bac-4817-bad8-aebd26842a1c",
            "7c2c9c77-a0ac-4fef-a6a4-54e72648a3d0",
            "b5e03574-1454-4b69-9a22-faf96638be60",
            "e763e59d-4b85-4839-a3ce-4297abba8c0e",
            "29c36f41-7420-45d3-a86b-58b66292ea6f",
            "f75afc03-7867-4c68-8705-0c89bbebfe79",
            "8f1ee1c1-08b0-4a41-a4f4-49fa402f36ae",
            "42935940-8816-4279-950d-712095dc661c",
            "57de732c-efff-4a2e-842c-b88475c910b8"
          ],
          "failures": [
            "94b930de-106e-49eb-8723-4a39ced1f7e3"
          ],
          "pending": [],
          "skipped": [],
          "duration": 63517,
          "root": false,
          "rootEmpty": false,
          "_timeout": 2000
        }
      ],
      "passes": [],
      "failures": [],
      "pending": [],
      "skipped": [],
      "duration": 0,
      "root": true,
      "rootEmpty": true,
      "_timeout": 2000
    }
  ],
  "meta": {
    "mocha": {
      "version": "7.0.1"
    },
    "mochawesome": {
      "options": {
        "quiet": false,
        "reportFilename": "mochawesome",
        "saveHtml": false,
        "saveJson": true,
        "consoleReporter": "spec",
        "useInlineDiffs": false,
        "code": true
      },
      "version": "6.2.2"
    },
    "marge": {
      "options": {
        "overwrite": false,
        "html": false,
        "json": true,
        "viewportWidth": 1000,
        "viewportHeight": 860
      },
      "version": "5.2.0"
    }
  }
}