{
  "stats": {
    "suites": 1,
    "tests": 12,
    "passes": 12,
    "pending": 0,
    "failures": 0,
    "start": "2021-11-11T18:57:03.652Z",
    "end": "2021-11-11T18:57:40.004Z",
    "duration": 36352,
    "testsRegistered": 12,
    "passPercent": 100,
    "pendingPercent": 0,
    "other": 0,
    "hasOther": false,
    "skipped": 0,
    "hasSkipped": false
  },
  "results": [
    {
      "uuid": "032cf94a-cb84-4e5e-b131-12a17b631ac8",
      "title": "",
      "fullFile": "cypress/integration/ProfileTab.feature",
      "file": "cypress/integration/ProfileTab.feature",
      "beforeHooks": [],
      "afterHooks": [],
      "tests": [],
      "suites": [
        {
          "uuid": "48dd4d6b-61df-438b-8485-1e83d659cae5",
          "title": "Profile page feature",
          "fullFile": "",
          "file": "",
          "beforeHooks": [],
          "afterHooks": [],
          "tests": [
            {
              "title": "User should be able to navigate profile page",
              "fullTitle": "Profile page feature User should be able to navigate profile page",
              "timedOut": null,
              "duration": 30498,
              "state": "passed",
              "speed": "slow",
              "pass": true,
              "fail": false,
              "pending": false,
              "context": null,
              "code": "const state = window.testState;\nreturn cy\n  .then(() => state.onStartScenario(scenario, indexedSteps))\n  .then(() =>\n    resolveAndRunBeforeHooks.call(this, scenario.tags, state.feature.name)\n  )\n  .then(() =>\n    indexedSteps.forEach((step) =>\n      stepTest.call(this, state, step, rowData)\n    )\n  )\n  .then(() => state.onFinishScenario(scenario));",
              "err": {},
              "uuid": "daebe566-abfe-4756-9188-8e6a1e513bd4",
              "parentUUID": "48dd4d6b-61df-438b-8485-1e83d659cae5",
              "isHook": false,
              "skipped": false
            },
            {
              "title": "Verify the user is able to view validation error if  the first name is null",
              "fullTitle": "Profile page feature Verify the user is able to view validation error if  the first name is null",
              "timedOut": null,
              "duration": 1497,
              "state": "passed",
              "speed": "slow",
              "pass": true,
              "fail": false,
              "pending": false,
              "context": null,
              "code": "const state = window.testState;\nreturn cy\n  .then(() => state.onStartScenario(scenario, indexedSteps))\n  .then(() =>\n    resolveAndRunBeforeHooks.call(this, scenario.tags, state.feature.name)\n  )\n  .then(() =>\n    indexedSteps.forEach((step) =>\n      stepTest.call(this, state, step, rowData)\n    )\n  )\n  .then(() => state.onFinishScenario(scenario));",
              "err": {},
              "uuid": "decf5f29-8ef2-4bf1-8be2-70631050f84b",
              "parentUUID": "48dd4d6b-61df-438b-8485-1e83d659cae5",
              "isHook": false,
              "skipped": false
            },
            {
              "title": "Verify the user is able to view validation error if  the email address is null",
              "fullTitle": "Profile page feature Verify the user is able to view validation error if  the email address is null",
              "timedOut": null,
              "duration": 294,
              "state": "passed",
              "speed": "slow",
              "pass": true,
              "fail": false,
              "pending": false,
              "context": null,
              "code": "const state = window.testState;\nreturn cy\n  .then(() => state.onStartScenario(scenario, indexedSteps))\n  .then(() =>\n    resolveAndRunBeforeHooks.call(this, scenario.tags, state.feature.name)\n  )\n  .then(() =>\n    indexedSteps.forEach((step) =>\n      stepTest.call(this, state, step, rowData)\n    )\n  )\n  .then(() => state.onFinishScenario(scenario));",
              "err": {},
              "uuid": "45e7b3ee-50bc-436a-b78c-859a60480716",
              "parentUUID": "48dd4d6b-61df-438b-8485-1e83d659cae5",
              "isHook": false,
              "skipped": false
            },
            {
              "title": "Verify the user is able to view validation error if  the address is null",
              "fullTitle": "Profile page feature Verify the user is able to view validation error if  the address is null",
              "timedOut": null,
              "duration": 823,
              "state": "passed",
              "speed": "slow",
              "pass": true,
              "fail": false,
              "pending": false,
              "context": null,
              "code": "const state = window.testState;\nreturn cy\n  .then(() => state.onStartScenario(scenario, indexedSteps))\n  .then(() =>\n    resolveAndRunBeforeHooks.call(this, scenario.tags, state.feature.name)\n  )\n  .then(() =>\n    indexedSteps.forEach((step) =>\n      stepTest.call(this, state, step, rowData)\n    )\n  )\n  .then(() => state.onFinishScenario(scenario));",
              "err": {},
              "uuid": "ae7c5bf6-1085-47d2-8672-f7dbab96339a",
              "parentUUID": "48dd4d6b-61df-438b-8485-1e83d659cae5",
              "isHook": false,
              "skipped": false
            },
            {
              "title": "Verify the user is able to view Identity verification description and Button",
              "fullTitle": "Profile page feature Verify the user is able to view Identity verification description and Button",
              "timedOut": null,
              "duration": 143,
              "state": "passed",
              "speed": "slow",
              "pass": true,
              "fail": false,
              "pending": false,
              "context": null,
              "code": "const state = window.testState;\nreturn cy\n  .then(() => state.onStartScenario(scenario, indexedSteps))\n  .then(() =>\n    resolveAndRunBeforeHooks.call(this, scenario.tags, state.feature.name)\n  )\n  .then(() =>\n    indexedSteps.forEach((step) =>\n      stepTest.call(this, state, step, rowData)\n    )\n  )\n  .then(() => state.onFinishScenario(scenario));",
              "err": {},
              "uuid": "6be28455-61f3-488f-976f-28b657087c42",
              "parentUUID": "48dd4d6b-61df-438b-8485-1e83d659cae5",
              "isHook": false,
              "skipped": false
            },
            {
              "title": "Verify the user is able to view account Header tabs",
              "fullTitle": "Profile page feature Verify the user is able to view account Header tabs",
              "timedOut": null,
              "duration": 372,
              "state": "passed",
              "speed": "slow",
              "pass": true,
              "fail": false,
              "pending": false,
              "context": null,
              "code": "const state = window.testState;\nreturn cy\n  .then(() => state.onStartScenario(scenario, indexedSteps))\n  .then(() =>\n    resolveAndRunBeforeHooks.call(this, scenario.tags, state.feature.name)\n  )\n  .then(() =>\n    indexedSteps.forEach((step) =>\n      stepTest.call(this, state, step, rowData)\n    )\n  )\n  .then(() => state.onFinishScenario(scenario));",
              "err": {},
              "uuid": "fe621d21-2e20-4b8c-bb85-f36649b02276",
              "parentUUID": "48dd4d6b-61df-438b-8485-1e83d659cae5",
              "isHook": false,
              "skipped": false
            },
            {
              "title": "Verify the user is able to list of countries for nationality",
              "fullTitle": "Profile page feature Verify the user is able to list of countries for nationality",
              "timedOut": null,
              "duration": 330,
              "state": "passed",
              "speed": "slow",
              "pass": true,
              "fail": false,
              "pending": false,
              "context": null,
              "code": "const state = window.testState;\nreturn cy\n  .then(() => state.onStartScenario(scenario, indexedSteps))\n  .then(() =>\n    resolveAndRunBeforeHooks.call(this, scenario.tags, state.feature.name)\n  )\n  .then(() =>\n    indexedSteps.forEach((step) =>\n      stepTest.call(this, state, step, rowData)\n    )\n  )\n  .then(() => state.onFinishScenario(scenario));",
              "err": {},
              "uuid": "8995e136-ebb1-49c4-8b19-34823fac5c30",
              "parentUUID": "48dd4d6b-61df-438b-8485-1e83d659cae5",
              "isHook": false,
              "skipped": false
            },
            {
              "title": "Verify the user is able to view profile progress ring",
              "fullTitle": "Profile page feature Verify the user is able to view profile progress ring",
              "timedOut": null,
              "duration": 89,
              "state": "passed",
              "speed": "slow",
              "pass": true,
              "fail": false,
              "pending": false,
              "context": null,
              "code": "const state = window.testState;\nreturn cy\n  .then(() => state.onStartScenario(scenario, indexedSteps))\n  .then(() =>\n    resolveAndRunBeforeHooks.call(this, scenario.tags, state.feature.name)\n  )\n  .then(() =>\n    indexedSteps.forEach((step) =>\n      stepTest.call(this, state, step, rowData)\n    )\n  )\n  .then(() => state.onFinishScenario(scenario));",
              "err": {},
              "uuid": "1095a945-d96e-4ecd-bef4-68e8848f51d2",
              "parentUUID": "48dd4d6b-61df-438b-8485-1e83d659cae5",
              "isHook": false,
              "skipped": false
            },
            {
              "title": "Verify the user is able to view profile page Header and Footer",
              "fullTitle": "Profile page feature Verify the user is able to view profile page Header and Footer",
              "timedOut": null,
              "duration": 43,
              "state": "passed",
              "speed": "medium",
              "pass": true,
              "fail": false,
              "pending": false,
              "context": null,
              "code": "const state = window.testState;\nreturn cy\n  .then(() => state.onStartScenario(scenario, indexedSteps))\n  .then(() =>\n    resolveAndRunBeforeHooks.call(this, scenario.tags, state.feature.name)\n  )\n  .then(() =>\n    indexedSteps.forEach((step) =>\n      stepTest.call(this, state, step, rowData)\n    )\n  )\n  .then(() => state.onFinishScenario(scenario));",
              "err": {},
              "uuid": "d076a9df-4a7e-4709-b9b3-2a02625cfa5a",
              "parentUUID": "48dd4d6b-61df-438b-8485-1e83d659cae5",
              "isHook": false,
              "skipped": false
            },
            {
              "title": "Verify the user is able to view all fields  in the profile page",
              "fullTitle": "Profile page feature Verify the user is able to view all fields  in the profile page",
              "timedOut": null,
              "duration": 118,
              "state": "passed",
              "speed": "slow",
              "pass": true,
              "fail": false,
              "pending": false,
              "context": null,
              "code": "const state = window.testState;\nreturn cy\n  .then(() => state.onStartScenario(scenario, indexedSteps))\n  .then(() =>\n    resolveAndRunBeforeHooks.call(this, scenario.tags, state.feature.name)\n  )\n  .then(() =>\n    indexedSteps.forEach((step) =>\n      stepTest.call(this, state, step, rowData)\n    )\n  )\n  .then(() => state.onFinishScenario(scenario));",
              "err": {},
              "uuid": "201121bc-a392-41da-8f54-cbe052681b93",
              "parentUUID": "48dd4d6b-61df-438b-8485-1e83d659cae5",
              "isHook": false,
              "skipped": false
            },
            {
              "title": "Verify address API implementation",
              "fullTitle": "Profile page feature Verify address API implementation",
              "timedOut": null,
              "duration": 1595,
              "state": "passed",
              "speed": "slow",
              "pass": true,
              "fail": false,
              "pending": false,
              "context": null,
              "code": "const state = window.testState;\nreturn cy\n  .then(() => state.onStartScenario(scenario, indexedSteps))\n  .then(() =>\n    resolveAndRunBeforeHooks.call(this, scenario.tags, state.feature.name)\n  )\n  .then(() =>\n    indexedSteps.forEach((step) =>\n      stepTest.call(this, state, step, rowData)\n    )\n  )\n  .then(() => state.onFinishScenario(scenario));",
              "err": {},
              "uuid": "7e0bc374-baa1-4709-a592-dac2b770a283",
              "parentUUID": "48dd4d6b-61df-438b-8485-1e83d659cae5",
              "isHook": false,
              "skipped": false
            },
            {
              "title": "Verify select country in the address",
              "fullTitle": "Profile page feature Verify select country in the address",
              "timedOut": null,
              "duration": 379,
              "state": "passed",
              "speed": "slow",
              "pass": true,
              "fail": false,
              "pending": false,
              "context": null,
              "code": "const state = window.testState;\nreturn cy\n  .then(() => state.onStartScenario(scenario, indexedSteps))\n  .then(() =>\n    resolveAndRunBeforeHooks.call(this, scenario.tags, state.feature.name)\n  )\n  .then(() =>\n    indexedSteps.forEach((step) =>\n      stepTest.call(this, state, step, rowData)\n    )\n  )\n  .then(() => state.onFinishScenario(scenario));",
              "err": {},
              "uuid": "9ed86832-6f0b-430d-b835-640f8ca963fb",
              "parentUUID": "48dd4d6b-61df-438b-8485-1e83d659cae5",
              "isHook": false,
              "skipped": false
            }
          ],
          "suites": [],
          "passes": [
            "daebe566-abfe-4756-9188-8e6a1e513bd4",
            "decf5f29-8ef2-4bf1-8be2-70631050f84b",
            "45e7b3ee-50bc-436a-b78c-859a60480716",
            "ae7c5bf6-1085-47d2-8672-f7dbab96339a",
            "6be28455-61f3-488f-976f-28b657087c42",
            "fe621d21-2e20-4b8c-bb85-f36649b02276",
            "8995e136-ebb1-49c4-8b19-34823fac5c30",
            "1095a945-d96e-4ecd-bef4-68e8848f51d2",
            "d076a9df-4a7e-4709-b9b3-2a02625cfa5a",
            "201121bc-a392-41da-8f54-cbe052681b93",
            "7e0bc374-baa1-4709-a592-dac2b770a283",
            "9ed86832-6f0b-430d-b835-640f8ca963fb"
          ],
          "failures": [],
          "pending": [],
          "skipped": [],
          "duration": 36181,
          "root": false,
          "rootEmpty": false,
          "_timeout": 2000
        }
      ],
      "passes": [],
      "failures": [],
      "pending": [],
      "skipped": [],
      "duration": 0,
      "root": true,
      "rootEmpty": true,
      "_timeout": 2000
    }
  ],
  "meta": {
    "mocha": {
      "version": "7.0.1"
    },
    "mochawesome": {
      "options": {
        "quiet": false,
        "reportFilename": "mochawesome",
        "saveHtml": false,
        "saveJson": true,
        "consoleReporter": "spec",
        "useInlineDiffs": false,
        "code": true
      },
      "version": "6.2.2"
    },
    "marge": {
      "options": {
        "overwrite": false,
        "html": false,
        "json": true,
        "video": true,
        "viewportWidth": 1000,
        "viewportHeight": 860
      },
      "version": "5.2.0"
    }
  }
}